
CommandNotFoundError: Your shell has not been properly configured to use 'conda activate'.
To initialize your shell, run

    $ conda init <SHELL_NAME>

Currently supported shells are:
  - bash
  - fish
  - tcsh
  - xonsh
  - zsh
  - powershell

See 'conda init --help' for more information and options.

IMPORTANT: You may need to close and restart your shell after running 'conda init'.


usage: train.py [-h] --patchSize PATCHSIZE [--poreRadius PORERADIUS]
                [--maxPooling MAXPOOLING] --experimentPath EXPERIMENTPATH
                [--trainingRange TRAININGRANGE]
                [--validationRange VALIDATIONRANGE]
                [--testingRange TESTINGRANGE]
                [--secondtestingRange SECONDTESTINGRANGE] --groundTruthFolder
                GROUNDTRUTHFOLDER [--residual]
                [--optimizer {Optimizer.ADAM,Optimizer.RMSPROP,Optimizer.SGD}]
                [--learningRate LEARNINGRATE]
                [--criteriation {Critireation.BCELOSS,Critireation.CROSSENTRAPY}]
                [--epoc EPOC] [--batchSize BATCHSIZE] [--device DEVICE]
                [--numberWorkers NUMBERWORKERS]
                [--testStartProbability TESTSTARTPROBABILITY]
                [--testEndProbability TESTENDPROBABILITY]
                [--testStepProbability TESTSTEPPROBABILITY]
                [--testStartNMSUnion TESTSTARTNMSUNION]
                [--testEndNMSUnion TESTENDNMSUNION]
                [--testStepNMSUnion TESTSTEPNMSUNION]
                [--numberFeatures NUMBERFEATURES] [--defaultNMS DEFAULTNMS]
                --boundingBoxSize BOUNDINGBOXSIZE [--defaultProb DEFAULTPROB]
                [--tolerance TOLERANCE] [--gabriel] [--su] [--softLabels]
train.py: error: argument --trainingRange: expected one argument
usage: train.py [-h] --patchSize PATCHSIZE [--poreRadius PORERADIUS]
                [--maxPooling MAXPOOLING] --experimentPath EXPERIMENTPATH
                [--trainingRange TRAININGRANGE]
                [--validationRange VALIDATIONRANGE]
                [--testingRange TESTINGRANGE]
                [--secondtestingRange SECONDTESTINGRANGE] --groundTruthFolder
                GROUNDTRUTHFOLDER [--residual]
                [--optimizer {Optimizer.ADAM,Optimizer.RMSPROP,Optimizer.SGD}]
                [--learningRate LEARNINGRATE]
                [--criteriation {Critireation.BCELOSS,Critireation.CROSSENTRAPY}]
                [--epoc EPOC] [--batchSize BATCHSIZE] [--device DEVICE]
                [--numberWorkers NUMBERWORKERS]
                [--testStartProbability TESTSTARTPROBABILITY]
                [--testEndProbability TESTENDPROBABILITY]
                [--testStepProbability TESTSTEPPROBABILITY]
                [--testStartNMSUnion TESTSTARTNMSUNION]
                [--testEndNMSUnion TESTENDNMSUNION]
                [--testStepNMSUnion TESTSTEPNMSUNION]
                [--numberFeatures NUMBERFEATURES] [--defaultNMS DEFAULTNMS]
                --boundingBoxSize BOUNDINGBOXSIZE [--defaultProb DEFAULTPROB]
                [--tolerance TOLERANCE] [--gabriel] [--su] [--softLabels]
train.py: error: argument --trainingRange: expected one argument
usage: train.py [-h] --patchSize PATCHSIZE [--poreRadius PORERADIUS]
                [--maxPooling MAXPOOLING] --experimentPath EXPERIMENTPATH
                [--trainingRange TRAININGRANGE]
                [--validationRange VALIDATIONRANGE]
                [--testingRange TESTINGRANGE]
                [--secondtestingRange SECONDTESTINGRANGE] --groundTruthFolder
                GROUNDTRUTHFOLDER [--residual]
                [--optimizer {Optimizer.ADAM,Optimizer.RMSPROP,Optimizer.SGD}]
                [--learningRate LEARNINGRATE]
                [--criteriation {Critireation.BCELOSS,Critireation.CROSSENTRAPY}]
                [--epoc EPOC] [--batchSize BATCHSIZE] [--device DEVICE]
                [--numberWorkers NUMBERWORKERS]
                [--testStartProbability TESTSTARTPROBABILITY]
                [--testEndProbability TESTENDPROBABILITY]
                [--testStepProbability TESTSTEPPROBABILITY]
                [--testStartNMSUnion TESTSTARTNMSUNION]
                [--testEndNMSUnion TESTENDNMSUNION]
                [--testStepNMSUnion TESTSTEPNMSUNION]
                [--numberFeatures NUMBERFEATURES] [--defaultNMS DEFAULTNMS]
                --boundingBoxSize BOUNDINGBOXSIZE [--defaultProb DEFAULTPROB]
                [--tolerance TOLERANCE] [--gabriel] [--su] [--softLabels]
train.py: error: argument --trainingRange: expected one argument
usage: train.py [-h] --patchSize PATCHSIZE [--poreRadius PORERADIUS]
                [--maxPooling MAXPOOLING] --experimentPath EXPERIMENTPATH
                [--trainingRange TRAININGRANGE]
                [--validationRange VALIDATIONRANGE]
                [--testingRange TESTINGRANGE]
                [--secondtestingRange SECONDTESTINGRANGE] --groundTruthFolder
                GROUNDTRUTHFOLDER [--residual]
                [--optimizer {Optimizer.ADAM,Optimizer.RMSPROP,Optimizer.SGD}]
                [--learningRate LEARNINGRATE]
                [--criteriation {Critireation.BCELOSS,Critireation.CROSSENTRAPY}]
                [--epoc EPOC] [--batchSize BATCHSIZE] [--device DEVICE]
                [--numberWorkers NUMBERWORKERS]
                [--testStartProbability TESTSTARTPROBABILITY]
                [--testEndProbability TESTENDPROBABILITY]
                [--testStepProbability TESTSTEPPROBABILITY]
                [--testStartNMSUnion TESTSTARTNMSUNION]
                [--testEndNMSUnion TESTENDNMSUNION]
                [--testStepNMSUnion TESTSTEPNMSUNION]
                [--numberFeatures NUMBERFEATURES] [--defaultNMS DEFAULTNMS]
                --boundingBoxSize BOUNDINGBOXSIZE [--defaultProb DEFAULTPROB]
                [--tolerance TOLERANCE] [--gabriel] [--su] [--softLabels]
train.py: error: argument --trainingRange: expected one argument
usage: train.py [-h] --patchSize PATCHSIZE [--poreRadius PORERADIUS]
                [--maxPooling MAXPOOLING] --experimentPath EXPERIMENTPATH
                [--trainingRange TRAININGRANGE]
                [--validationRange VALIDATIONRANGE]
                [--testingRange TESTINGRANGE]
                [--secondtestingRange SECONDTESTINGRANGE] --groundTruthFolder
                GROUNDTRUTHFOLDER [--residual]
                [--optimizer {Optimizer.ADAM,Optimizer.RMSPROP,Optimizer.SGD}]
                [--learningRate LEARNINGRATE]
                [--criteriation {Critireation.BCELOSS,Critireation.CROSSENTRAPY}]
                [--epoc EPOC] [--batchSize BATCHSIZE] [--device DEVICE]
                [--numberWorkers NUMBERWORKERS]
                [--testStartProbability TESTSTARTPROBABILITY]
                [--testEndProbability TESTENDPROBABILITY]
                [--testStepProbability TESTSTEPPROBABILITY]
                [--testStartNMSUnion TESTSTARTNMSUNION]
                [--testEndNMSUnion TESTENDNMSUNION]
                [--testStepNMSUnion TESTSTEPNMSUNION]
                [--numberFeatures NUMBERFEATURES] [--defaultNMS DEFAULTNMS]
                --boundingBoxSize BOUNDINGBOXSIZE [--defaultProb DEFAULTPROB]
                [--tolerance TOLERANCE] [--gabriel] [--su] [--softLabels]
train.py: error: argument --trainingRange: expected one argument
usage: train.py [-h] --patchSize PATCHSIZE [--poreRadius PORERADIUS]
                [--maxPooling MAXPOOLING] --experimentPath EXPERIMENTPATH
                [--trainingRange TRAININGRANGE]
                [--validationRange VALIDATIONRANGE]
                [--testingRange TESTINGRANGE]
                [--secondtestingRange SECONDTESTINGRANGE] --groundTruthFolder
                GROUNDTRUTHFOLDER [--residual]
                [--optimizer {Optimizer.ADAM,Optimizer.RMSPROP,Optimizer.SGD}]
                [--learningRate LEARNINGRATE]
                [--criteriation {Critireation.BCELOSS,Critireation.CROSSENTRAPY}]
                [--epoc EPOC] [--batchSize BATCHSIZE] [--device DEVICE]
                [--numberWorkers NUMBERWORKERS]
                [--testStartProbability TESTSTARTPROBABILITY]
                [--testEndProbability TESTENDPROBABILITY]
                [--testStepProbability TESTSTEPPROBABILITY]
                [--testStartNMSUnion TESTSTARTNMSUNION]
                [--testEndNMSUnion TESTENDNMSUNION]
                [--testStepNMSUnion TESTSTEPNMSUNION]
                [--numberFeatures NUMBERFEATURES] [--defaultNMS DEFAULTNMS]
                --boundingBoxSize BOUNDINGBOXSIZE [--defaultProb DEFAULTPROB]
                [--tolerance TOLERANCE] [--gabriel] [--su] [--softLabels]
train.py: error: argument --trainingRange: expected one argument
usage: train.py [-h] --patchSize PATCHSIZE [--poreRadius PORERADIUS]
                [--maxPooling MAXPOOLING] --experimentPath EXPERIMENTPATH
                [--trainingRange TRAININGRANGE]
                [--validationRange VALIDATIONRANGE]
                [--testingRange TESTINGRANGE]
                [--secondtestingRange SECONDTESTINGRANGE] --groundTruthFolder
                GROUNDTRUTHFOLDER [--residual]
                [--optimizer {Optimizer.ADAM,Optimizer.RMSPROP,Optimizer.SGD}]
                [--learningRate LEARNINGRATE]
                [--criteriation {Critireation.BCELOSS,Critireation.CROSSENTRAPY}]
                [--epoc EPOC] [--batchSize BATCHSIZE] [--device DEVICE]
                [--numberWorkers NUMBERWORKERS]
                [--testStartProbability TESTSTARTPROBABILITY]
                [--testEndProbability TESTENDPROBABILITY]
                [--testStepProbability TESTSTEPPROBABILITY]
                [--testStartNMSUnion TESTSTARTNMSUNION]
                [--testEndNMSUnion TESTENDNMSUNION]
                [--testStepNMSUnion TESTSTEPNMSUNION]
                [--numberFeatures NUMBERFEATURES] [--defaultNMS DEFAULTNMS]
                --boundingBoxSize BOUNDINGBOXSIZE [--defaultProb DEFAULTPROB]
                [--tolerance TOLERANCE] [--gabriel] [--su] [--softLabels]
train.py: error: argument --trainingRange: expected one argument
usage: train.py [-h] --patchSize PATCHSIZE [--poreRadius PORERADIUS]
                [--maxPooling MAXPOOLING] --experimentPath EXPERIMENTPATH
                [--trainingRange TRAININGRANGE]
                [--validationRange VALIDATIONRANGE]
                [--testingRange TESTINGRANGE]
                [--secondtestingRange SECONDTESTINGRANGE] --groundTruthFolder
                GROUNDTRUTHFOLDER [--residual]
                [--optimizer {Optimizer.ADAM,Optimizer.RMSPROP,Optimizer.SGD}]
                [--learningRate LEARNINGRATE]
                [--criteriation {Critireation.BCELOSS,Critireation.CROSSENTRAPY}]
                [--epoc EPOC] [--batchSize BATCHSIZE] [--device DEVICE]
                [--numberWorkers NUMBERWORKERS]
                [--testStartProbability TESTSTARTPROBABILITY]
                [--testEndProbability TESTENDPROBABILITY]
                [--testStepProbability TESTSTEPPROBABILITY]
                [--testStartNMSUnion TESTSTARTNMSUNION]
                [--testEndNMSUnion TESTENDNMSUNION]
                [--testStepNMSUnion TESTSTEPNMSUNION]
                [--numberFeatures NUMBERFEATURES] [--defaultNMS DEFAULTNMS]
                --boundingBoxSize BOUNDINGBOXSIZE [--defaultProb DEFAULTPROB]
                [--tolerance TOLERANCE] [--gabriel] [--su] [--softLabels]
train.py: error: argument --trainingRange: expected one argument
usage: train.py [-h] --patchSize PATCHSIZE [--poreRadius PORERADIUS]
                [--maxPooling MAXPOOLING] --experimentPath EXPERIMENTPATH
                [--trainingRange TRAININGRANGE]
                [--validationRange VALIDATIONRANGE]
                [--testingRange TESTINGRANGE]
                [--secondtestingRange SECONDTESTINGRANGE] --groundTruthFolder
                GROUNDTRUTHFOLDER [--residual]
                [--optimizer {Optimizer.ADAM,Optimizer.RMSPROP,Optimizer.SGD}]
                [--learningRate LEARNINGRATE]
                [--criteriation {Critireation.BCELOSS,Critireation.CROSSENTRAPY}]
                [--epoc EPOC] [--batchSize BATCHSIZE] [--device DEVICE]
                [--numberWorkers NUMBERWORKERS]
                [--testStartProbability TESTSTARTPROBABILITY]
                [--testEndProbability TESTENDPROBABILITY]
                [--testStepProbability TESTSTEPPROBABILITY]
                [--testStartNMSUnion TESTSTARTNMSUNION]
                [--testEndNMSUnion TESTENDNMSUNION]
                [--testStepNMSUnion TESTSTEPNMSUNION]
                [--numberFeatures NUMBERFEATURES] [--defaultNMS DEFAULTNMS]
                --boundingBoxSize BOUNDINGBOXSIZE [--defaultProb DEFAULTPROB]
                [--tolerance TOLERANCE] [--gabriel] [--su] [--softLabels]
train.py: error: argument --trainingRange: expected one argument
usage: train.py [-h] --patchSize PATCHSIZE [--poreRadius PORERADIUS]
                [--maxPooling MAXPOOLING] --experimentPath EXPERIMENTPATH
                [--trainingRange TRAININGRANGE]
                [--validationRange VALIDATIONRANGE]
                [--testingRange TESTINGRANGE]
                [--secondtestingRange SECONDTESTINGRANGE] --groundTruthFolder
                GROUNDTRUTHFOLDER [--residual]
                [--optimizer {Optimizer.ADAM,Optimizer.RMSPROP,Optimizer.SGD}]
                [--learningRate LEARNINGRATE]
                [--criteriation {Critireation.BCELOSS,Critireation.CROSSENTRAPY}]
                [--epoc EPOC] [--batchSize BATCHSIZE] [--device DEVICE]
                [--numberWorkers NUMBERWORKERS]
                [--testStartProbability TESTSTARTPROBABILITY]
                [--testEndProbability TESTENDPROBABILITY]
                [--testStepProbability TESTSTEPPROBABILITY]
                [--testStartNMSUnion TESTSTARTNMSUNION]
                [--testEndNMSUnion TESTENDNMSUNION]
                [--testStepNMSUnion TESTSTEPNMSUNION]
                [--numberFeatures NUMBERFEATURES] [--defaultNMS DEFAULTNMS]
                --boundingBoxSize BOUNDINGBOXSIZE [--defaultProb DEFAULTPROB]
                [--tolerance TOLERANCE] [--gabriel] [--su] [--softLabels]
train.py: error: argument --trainingRange: expected one argument
usage: train.py [-h] --patchSize PATCHSIZE [--poreRadius PORERADIUS]
                [--maxPooling MAXPOOLING] --experimentPath EXPERIMENTPATH
                [--trainingRange TRAININGRANGE]
                [--validationRange VALIDATIONRANGE]
                [--testingRange TESTINGRANGE]
                [--secondtestingRange SECONDTESTINGRANGE] --groundTruthFolder
                GROUNDTRUTHFOLDER [--residual]
                [--optimizer {Optimizer.ADAM,Optimizer.RMSPROP,Optimizer.SGD}]
                [--learningRate LEARNINGRATE]
                [--criteriation {Critireation.BCELOSS,Critireation.CROSSENTRAPY}]
                [--epoc EPOC] [--batchSize BATCHSIZE] [--device DEVICE]
                [--numberWorkers NUMBERWORKERS]
                [--testStartProbability TESTSTARTPROBABILITY]
                [--testEndProbability TESTENDPROBABILITY]
                [--testStepProbability TESTSTEPPROBABILITY]
                [--testStartNMSUnion TESTSTARTNMSUNION]
                [--testEndNMSUnion TESTENDNMSUNION]
                [--testStepNMSUnion TESTSTEPNMSUNION]
                [--numberFeatures NUMBERFEATURES] [--defaultNMS DEFAULTNMS]
                --boundingBoxSize BOUNDINGBOXSIZE [--defaultProb DEFAULTPROB]
                [--tolerance TOLERANCE] [--gabriel] [--su] [--softLabels]
train.py: error: argument --trainingRange: expected one argument
usage: train.py [-h] --patchSize PATCHSIZE [--poreRadius PORERADIUS]
                [--maxPooling MAXPOOLING] --experimentPath EXPERIMENTPATH
                [--trainingRange TRAININGRANGE]
                [--validationRange VALIDATIONRANGE]
                [--testingRange TESTINGRANGE]
                [--secondtestingRange SECONDTESTINGRANGE] --groundTruthFolder
                GROUNDTRUTHFOLDER [--residual]
                [--optimizer {Optimizer.ADAM,Optimizer.RMSPROP,Optimizer.SGD}]
                [--learningRate LEARNINGRATE]
                [--criteriation {Critireation.BCELOSS,Critireation.CROSSENTRAPY}]
                [--epoc EPOC] [--batchSize BATCHSIZE] [--device DEVICE]
                [--numberWorkers NUMBERWORKERS]
                [--testStartProbability TESTSTARTPROBABILITY]
                [--testEndProbability TESTENDPROBABILITY]
                [--testStepProbability TESTSTEPPROBABILITY]
                [--testStartNMSUnion TESTSTARTNMSUNION]
                [--testEndNMSUnion TESTENDNMSUNION]
                [--testStepNMSUnion TESTSTEPNMSUNION]
                [--numberFeatures NUMBERFEATURES] [--defaultNMS DEFAULTNMS]
                --boundingBoxSize BOUNDINGBOXSIZE [--defaultProb DEFAULTPROB]
                [--tolerance TOLERANCE] [--gabriel] [--su] [--softLabels]
train.py: error: argument --trainingRange: expected one argument
usage: train.py [-h] --patchSize PATCHSIZE [--poreRadius PORERADIUS]
                [--maxPooling MAXPOOLING] --experimentPath EXPERIMENTPATH
                [--trainingRange TRAININGRANGE]
                [--validationRange VALIDATIONRANGE]
                [--testingRange TESTINGRANGE]
                [--secondtestingRange SECONDTESTINGRANGE] --groundTruthFolder
                GROUNDTRUTHFOLDER [--residual]
                [--optimizer {Optimizer.ADAM,Optimizer.RMSPROP,Optimizer.SGD}]
                [--learningRate LEARNINGRATE]
                [--criteriation {Critireation.BCELOSS,Critireation.CROSSENTRAPY}]
                [--epoc EPOC] [--batchSize BATCHSIZE] [--device DEVICE]
                [--numberWorkers NUMBERWORKERS]
                [--testStartProbability TESTSTARTPROBABILITY]
                [--testEndProbability TESTENDPROBABILITY]
                [--testStepProbability TESTSTEPPROBABILITY]
                [--testStartNMSUnion TESTSTARTNMSUNION]
                [--testEndNMSUnion TESTENDNMSUNION]
                [--testStepNMSUnion TESTSTEPNMSUNION]
                [--numberFeatures NUMBERFEATURES] [--defaultNMS DEFAULTNMS]
                --boundingBoxSize BOUNDINGBOXSIZE [--defaultProb DEFAULTPROB]
                [--tolerance TOLERANCE] [--gabriel] [--su] [--softLabels]
train.py: error: argument --trainingRange: expected one argument
usage: train.py [-h] --patchSize PATCHSIZE [--poreRadius PORERADIUS]
                [--maxPooling MAXPOOLING] --experimentPath EXPERIMENTPATH
                [--trainingRange TRAININGRANGE]
                [--validationRange VALIDATIONRANGE]
                [--testingRange TESTINGRANGE]
                [--secondtestingRange SECONDTESTINGRANGE] --groundTruthFolder
                GROUNDTRUTHFOLDER [--residual]
                [--optimizer {Optimizer.ADAM,Optimizer.RMSPROP,Optimizer.SGD}]
                [--learningRate LEARNINGRATE]
                [--criteriation {Critireation.BCELOSS,Critireation.CROSSENTRAPY}]
                [--epoc EPOC] [--batchSize BATCHSIZE] [--device DEVICE]
                [--numberWorkers NUMBERWORKERS]
                [--testStartProbability TESTSTARTPROBABILITY]
                [--testEndProbability TESTENDPROBABILITY]
                [--testStepProbability TESTSTEPPROBABILITY]
                [--testStartNMSUnion TESTSTARTNMSUNION]
                [--testEndNMSUnion TESTENDNMSUNION]
                [--testStepNMSUnion TESTSTEPNMSUNION]
                [--numberFeatures NUMBERFEATURES] [--defaultNMS DEFAULTNMS]
                --boundingBoxSize BOUNDINGBOXSIZE [--defaultProb DEFAULTPROB]
                [--tolerance TOLERANCE] [--gabriel] [--su] [--softLabels]
train.py: error: argument --trainingRange: expected one argument
usage: train.py [-h] --patchSize PATCHSIZE [--poreRadius PORERADIUS]
                [--maxPooling MAXPOOLING] --experimentPath EXPERIMENTPATH
                [--trainingRange TRAININGRANGE]
                [--validationRange VALIDATIONRANGE]
                [--testingRange TESTINGRANGE]
                [--secondtestingRange SECONDTESTINGRANGE] --groundTruthFolder
                GROUNDTRUTHFOLDER [--residual]
                [--optimizer {Optimizer.ADAM,Optimizer.RMSPROP,Optimizer.SGD}]
                [--learningRate LEARNINGRATE]
                [--criteriation {Critireation.BCELOSS,Critireation.CROSSENTRAPY}]
                [--epoc EPOC] [--batchSize BATCHSIZE] [--device DEVICE]
                [--numberWorkers NUMBERWORKERS]
                [--testStartProbability TESTSTARTPROBABILITY]
                [--testEndProbability TESTENDPROBABILITY]
                [--testStepProbability TESTSTEPPROBABILITY]
                [--testStartNMSUnion TESTSTARTNMSUNION]
                [--testEndNMSUnion TESTENDNMSUNION]
                [--testStepNMSUnion TESTSTEPNMSUNION]
                [--numberFeatures NUMBERFEATURES] [--defaultNMS DEFAULTNMS]
                --boundingBoxSize BOUNDINGBOXSIZE [--defaultProb DEFAULTPROB]
                [--tolerance TOLERANCE] [--gabriel] [--su] [--softLabels]
train.py: error: argument --trainingRange: expected one argument
usage: train.py [-h] --patchSize PATCHSIZE [--poreRadius PORERADIUS]
                [--maxPooling MAXPOOLING] --experimentPath EXPERIMENTPATH
                [--trainingRange TRAININGRANGE]
                [--validationRange VALIDATIONRANGE]
                [--testingRange TESTINGRANGE]
                [--secondtestingRange SECONDTESTINGRANGE] --groundTruthFolder
                GROUNDTRUTHFOLDER [--residual]
                [--optimizer {Optimizer.ADAM,Optimizer.RMSPROP,Optimizer.SGD}]
                [--learningRate LEARNINGRATE]
                [--criteriation {Critireation.BCELOSS,Critireation.CROSSENTRAPY}]
                [--epoc EPOC] [--batchSize BATCHSIZE] [--device DEVICE]
                [--numberWorkers NUMBERWORKERS]
                [--testStartProbability TESTSTARTPROBABILITY]
                [--testEndProbability TESTENDPROBABILITY]
                [--testStepProbability TESTSTEPPROBABILITY]
                [--testStartNMSUnion TESTSTARTNMSUNION]
                [--testEndNMSUnion TESTENDNMSUNION]
                [--testStepNMSUnion TESTSTEPNMSUNION]
                [--numberFeatures NUMBERFEATURES] [--defaultNMS DEFAULTNMS]
                --boundingBoxSize BOUNDINGBOXSIZE [--defaultProb DEFAULTPROB]
                [--tolerance TOLERANCE] [--gabriel] [--su] [--softLabels]
train.py: error: argument --trainingRange: expected one argument
